<?xml version="1.0" encoding="UTF-8"?>
<!-- Generated by org.testng.reporters.JUnitReportReporter -->
<testsuite hostname="DESKTOP-99BDQ9A" failures="0" tests="2" name="com.PraticeTestng.Test.TestClass" time="16.150" errors="0" timestamp="2023-10-14T22:56:34 BDT" skipped="0">
  <testcase classname="com.PraticeTestng.Test.TestClass" name="TestGoole2" time="8.644"/>
  <testcase classname="com.PraticeTestng.Test.TestClass" name="TestGoogle" time="7.506"/>
</testsuite> <!-- com.PraticeTestng.Test.TestClass -->
